<routes xmlns="http://camel.apache.org/schema/spring">
	<!-- here we define the bar route -->
	<route id="bar">
		<from uri="direct:bar" />
		<to uri="mock:bar" />
	</route>

	<route id="timerToInRoute">
		<from uri="timer:foo?period=1s" />
		<transform>
			<simple>Message at ${date:now:yyyy-MM-dd HH:mm:ss}</simple>
		</transform>
		<to uri="amqp:queue:incomingOrders" />
	</route>

	<!-- Camel route to move messages from the ActiveMQ inbox to its outbox 
		queue -->
	<route id="inToOutRoute">
		<from uri="amqp:queue:incomingOrders" />
		<log message="Routing message from inbox to outbox queue with data ${body}" />
		<to uri="mock:bar" />
	</route>

	<!-- we could add more routes if we like, but in this example we stick to 
		one route only -->
</routes>
